nohup: ignoring input
 * Serving Flask app 'mcp_server'
 * Debug mode: on
[31m[1mWARNING: This is a development server. Do not use it in a production deployment. Use a production WSGI server instead.[0m
 * Running on all addresses (0.0.0.0)
 * Running on http://127.0.0.1:5055
 * Running on http://172.22.128.88:5055
[33mPress CTRL+C to quit[0m
 * Restarting with stat
 * Debugger is active!
 * Debugger PIN: 244-817-905
127.0.0.1 - - [19/Apr/2025 22:45:02] "POST /start HTTP/1.1" 200 -
 * Detected change in '/home/marshall/TgBot/scripts/telegram_monitor.py', reloading
 * Restarting with stat
 * Debugger is active!
 * Debugger PIN: 244-817-905
127.0.0.1 - - [19/Apr/2025 22:47:42] "POST /start HTTP/1.1" 200 -
 * Detected change in '/home/marshall/TgBot/scripts/mcp_server.py', reloading
 * Restarting with stat
 * Debugger is active!
 * Debugger PIN: 244-817-905
 * Detected change in '/home/marshall/TgBot/scripts/mcp_server.py', reloading
 * Restarting with stat
 * Debugger is active!
 * Debugger PIN: 244-817-905
127.0.0.1 - - [19/Apr/2025 22:51:15] "GET /status HTTP/1.1" 200 -
127.0.0.1 - - [19/Apr/2025 22:52:02] "POST /start HTTP/1.1" 200 -
127.0.0.1 - - [19/Apr/2025 22:54:34] "GET /docker/status HTTP/1.1" 200 -
127.0.0.1 - - [19/Apr/2025 22:54:39] "[33mPOST /restart HTTP/1.1[0m" 404 -
127.0.0.1 - - [19/Apr/2025 22:54:44] "POST /stop HTTP/1.1" 200 -
127.0.0.1 - - [19/Apr/2025 22:54:44] "POST /start HTTP/1.1" 200 -
 * Detected change in '/home/marshall/TgBot/scripts/telegram_monitor.py', reloading
 * Restarting with stat
 * Debugger is active!
 * Debugger PIN: 244-817-905
 * Detected change in '/home/marshall/TgBot/scripts/telegram_monitor.py', reloading
 * Restarting with stat
 * Debugger is active!
 * Debugger PIN: 244-817-905
127.0.0.1 - - [19/Apr/2025 22:56:18] "POST /stop HTTP/1.1" 200 -
127.0.0.1 - - [19/Apr/2025 23:01:28] "[33mPOST / HTTP/1.1[0m" 404 -
127.0.0.1 - - [19/Apr/2025 23:01:28] "[33mGET / HTTP/1.1[0m" 404 -
127.0.0.1 - - [19/Apr/2025 23:01:36] "[33mPOST / HTTP/1.1[0m" 404 -
127.0.0.1 - - [19/Apr/2025 23:01:36] "[33mGET / HTTP/1.1[0m" 404 -
 * Detected change in '/home/marshall/TgBot/scripts/mcp_server.py', reloading
 * Restarting with stat
 * Debugger is active!
 * Debugger PIN: 244-817-905
 * Detected change in '/home/marshall/TgBot/scripts/telegram_monitor.py', reloading
 * Restarting with stat
 * Debugger is active!
 * Debugger PIN: 244-817-905
 * Detected change in '/home/marshall/TgBot/scripts/telegram_monitor.py', reloading
 * Restarting with stat
 * Debugger is active!
 * Debugger PIN: 244-817-905
 * Detected change in '/home/marshall/TgBot/scripts/telegram_monitor.py', reloading
 * Restarting with stat
 * Debugger is active!
 * Debugger PIN: 244-817-905
 * Detected change in '/home/marshall/TgBot/scripts/telegram_monitor.py', reloading
 * Restarting with stat
 * Debugger is active!
 * Debugger PIN: 244-817-905
 * Detected change in '/home/marshall/TgBot/scripts/telegram_monitor.py', reloading
 * Restarting with stat
 * Debugger is active!
 * Debugger PIN: 244-817-905
 * Detected change in '/home/marshall/TgBot/scripts/mcp_server.py', reloading
 * Restarting with stat
 * Debugger is active!
 * Debugger PIN: 244-817-905
 * Detected change in '/home/marshall/TgBot/scripts/mcp_server.py', reloading
 * Restarting with stat
 * Debugger is active!
 * Debugger PIN: 244-817-905
 * Detected change in '/home/marshall/TgBot/scripts/mcp_server.py', reloading
 * Restarting with stat
 * Debugger is active!
 * Debugger PIN: 244-817-905
 * Detected change in '/home/marshall/TgBot/scripts/mcp_server.py', reloading
 * Restarting with stat
 * Debugger is active!
 * Debugger PIN: 244-817-905
 * Detected change in '/home/marshall/TgBot/scripts/telegram_monitor.py', reloading
 * Restarting with stat
 * Debugger is active!
 * Debugger PIN: 244-817-905
 * Detected change in '/home/marshall/TgBot/scripts/mcp_server.py', reloading
 * Restarting with stat
 * Debugger is active!
 * Debugger PIN: 244-817-905
 * Detected change in '/home/marshall/TgBot/scripts/mcp_server.py', reloading
 * Restarting with stat
 * Debugger is active!
 * Debugger PIN: 244-817-905
 * Detected change in '/home/marshall/TgBot/scripts/telegram_monitor.py', reloading
 * Restarting with stat
 * Debugger is active!
 * Debugger PIN: 244-817-905
 * Detected change in '/home/marshall/TgBot/scripts/telegram_monitor.py', reloading
 * Restarting with stat
 * Debugger is active!
 * Debugger PIN: 244-817-905
 * Detected change in '/home/marshall/TgBot/scripts/telegram_monitor.py', reloading
 * Restarting with stat
 * Debugger is active!
 * Debugger PIN: 244-817-905
 * Detected change in '/home/marshall/TgBot/scripts/telegram_monitor.py', reloading
 * Restarting with stat
 * Debugger is active!
 * Debugger PIN: 244-817-905
